<?xml version="1.0" encoding="utf-8"?><testsuites name="pytest tests"><testsuite name="pytest" errors="0" failures="0" skipped="0" tests="36" time="10.261" timestamp="2025-08-12T18:12:49.051062+00:00" hostname="298b4621507d"><testcase classname="functions.ContentEnricher.test_content_enricher.TestContentEnricherModule" name="test_module_exists" time="0.017" /><testcase classname="functions.ContentEnricher.test_content_enricher.TestContentEnricherModule" name="test_expected_functions_exist" time="0.002" /><testcase classname="functions.ContentEnricher.test_content_enricher.TestContentEnricherBasic" name="test_domain_credibility_basic" time="0.001" /><testcase classname="functions.ContentEnricher.test_content_enricher.TestContentEnricherBasic" name="test_html_metadata_extraction_basic" time="0.005" /><testcase classname="functions.ContentEnricher.test_content_enricher.TestContentEnricherBasic" name="test_external_content_fetch_structure" time="0.450" /><testcase classname="functions.ContentEnricher.test_content_enricher.TestContentEnricherConfiguration" name="test_enrichment_config_structure" time="0.002" /><testcase classname="functions.ContentEnricher.test_content_enricher.TestContentEnricherConfiguration" name="test_sample_data_structure" time="0.002" /><testcase classname="functions.ContentEnrichmentScheduler.test_content_enrichment_scheduler.TestContentEnrichmentSchedulerStructure" name="test_function_structure" time="0.023" /><testcase classname="functions.ContentEnrichmentScheduler.test_content_enrichment_scheduler.TestContentEnrichmentSchedulerStructure" name="test_blob_trigger_configuration" time="0.012" /><testcase classname="functions.ContentEnrichmentScheduler.test_content_enrichment_scheduler.TestContentEnrichmentSchedulerLogic" name="test_worker_scheduler_pattern" time="0.002" /><testcase classname="functions.ContentEnrichmentScheduler.test_content_enrichment_scheduler.TestContentEnrichmentSchedulerConfiguration" name="test_enrichment_blob_patterns" time="0.001" /><testcase classname="functions.ContentEnrichmentScheduler.test_content_enrichment_scheduler.TestContentEnrichmentSchedulerConfiguration" name="test_enrichment_parameters" time="0.002" /><testcase classname="functions.ContentRanker.test_content_ranker.TestContentRankerCore" name="test_calculate_engagement_score" time="0.020" /><testcase classname="functions.ContentRanker.test_content_ranker.TestContentRankerCore" name="test_calculate_freshness_score" time="0.002" /><testcase classname="functions.ContentRanker.test_content_ranker.TestContentRankerCore" name="test_calculate_seo_score" time="0.002" /><testcase classname="functions.ContentRanker.test_content_ranker.TestContentRankerCore" name="test_rank_topic_functional" time="0.003" /><testcase classname="functions.ContentRanker.test_content_ranker.TestContentRankerCore" name="test_rank_topics_functional" time="0.005" /><testcase classname="functions.ContentRanker.test_content_ranker.TestContentRankerCore" name="test_deduplicate_topics" time="0.004" /><testcase classname="functions.ContentRanker.test_content_ranker.TestContentRankerCore" name="test_threshold_filtering" time="0.002" /><testcase classname="functions.ContentRanker.test_content_ranker.TestContentRankerEdgeCases" name="test_empty_topics_list" time="0.002" /><testcase classname="functions.ContentRanker.test_content_ranker.TestContentRankerEdgeCases" name="test_invalid_topic_data" time="0.002" /><testcase classname="functions.ContentRanker.test_content_ranker.TestContentRankerEdgeCases" name="test_missing_config_values" time="0.002" /><testcase classname="functions.GetHotTopics.test_get_hot_topics.TestGetHotTopicsStructure" name="test_function_structure" time="0.029" /><testcase classname="functions.GetHotTopics.test_get_hot_topics.TestGetHotTopicsStructure" name="test_init_file_exists" time="0.006" /><testcase classname="functions.GetHotTopics.test_get_hot_topics.TestGetHotTopicsLogic" name="test_reddit_data_structure" time="0.002" /><testcase classname="functions.GetHotTopics.test_get_hot_topics.TestGetHotTopicsLogic" name="test_reddit_api_mocking" time="0.006" /><testcase classname="functions.GetHotTopics.test_get_hot_topics.TestGetHotTopicsConfiguration" name="test_subreddit_list_validation" time="0.002" /><testcase classname="functions.GetHotTopics.test_get_hot_topics.TestGetHotTopicsConfiguration" name="test_collection_parameters" time="0.001" /><testcase classname="functions.SummaryWomble.test_summary_womble.TestSummaryWombleStructure" name="test_function_structure" time="0.031" /><testcase classname="functions.SummaryWomble.test_summary_womble.TestSummaryWombleStructure" name="test_init_file_exists" time="0.005" /><testcase classname="functions.SummaryWomble.test_summary_womble.TestSummaryWombleLogic" name="test_basic_functionality" time="0.002" /><testcase classname="functions.TopicRankingScheduler.test_topic_ranking_scheduler.TestTopicRankingSchedulerStructure" name="test_function_structure" time="0.030" /><testcase classname="functions.TopicRankingScheduler.test_topic_ranking_scheduler.TestTopicRankingSchedulerStructure" name="test_blob_trigger_configuration" time="0.013" /><testcase classname="functions.TopicRankingScheduler.test_topic_ranking_scheduler.TestTopicRankingSchedulerLogic" name="test_worker_scheduler_pattern" time="0.001" /><testcase classname="functions.TopicRankingScheduler.test_topic_ranking_scheduler.TestTopicRankingSchedulerConfiguration" name="test_blob_path_patterns" time="0.002" /><testcase classname="functions.TopicRankingScheduler.test_topic_ranking_scheduler.TestTopicRankingSchedulerConfiguration" name="test_worker_endpoint_configuration" time="0.002" /></testsuite></testsuites>