<?xml version="1.0" encoding="utf-8"?><testsuites><testsuite name="pytest" errors="0" failures="0" skipped="0" tests="55" time="2.468" timestamp="2025-08-24T21:30:23.474944+00:00" hostname="6f0d029db36c"><testcase classname="test_phase2d_integration.TestPhase2DIntegration" name="test_enriched_content_retrieval" time="0.114" /><testcase classname="test_phase2d_integration.TestPhase2DIntegration" name="test_content_ranking_algorithms" time="0.005" /><testcase classname="test_phase2d_integration.TestPhase2DIntegration" name="test_batch_ranking_pipeline" time="0.009" /><testcase classname="test_phase2d_integration.TestPhase2DIntegration" name="test_specific_content_ranking" time="0.006" /><testcase classname="test_phase2d_integration.TestPhase2DIntegration" name="test_ranking_scores_calculation" time="0.006" /><testcase classname="test_phase2d_integration.TestPhase2DIntegration" name="test_service_status" time="0.006" /><testcase classname="test_phase2d_integration.TestPhase2DIntegration" name="test_error_handling" time="0.007" /><testcase classname="test_phase2d_integration.TestPhase2DIntegration" name="test_ranking_metadata_preservation" time="0.005" /><testcase classname="test_phase2d_integration.TestPhase2DIntegration" name="test_pipeline_end_to_end" time="0.010" /><testcase classname="tests.test_integration.TestPhase2DIntegration" name="test_enriched_content_retrieval" time="0.007" /><testcase classname="tests.test_integration.TestPhase2DIntegration" name="test_content_ranking_algorithms" time="0.006" /><testcase classname="tests.test_integration.TestPhase2DIntegration" name="test_batch_ranking_pipeline" time="0.010" /><testcase classname="tests.test_integration.TestPhase2DIntegration" name="test_specific_content_ranking" time="0.004" /><testcase classname="tests.test_integration.TestPhase2DIntegration" name="test_ranking_scores_calculation" time="0.004" /><testcase classname="tests.test_integration.TestPhase2DIntegration" name="test_service_status" time="0.006" /><testcase classname="tests.test_integration.TestPhase2DIntegration" name="test_error_handling" time="0.005" /><testcase classname="tests.test_integration.TestPhase2DIntegration" name="test_ranking_metadata_preservation" time="0.005" /><testcase classname="tests.test_integration.TestPhase2DIntegration" name="test_pipeline_end_to_end" time="0.011" /><testcase classname="tests.test_main.TestContentRankerAPI" name="test_root_endpoint" time="0.042" /><testcase classname="tests.test_main.TestContentRankerAPI" name="test_health_endpoint" time="0.017" /><testcase classname="tests.test_main.TestContentRankerAPI" name="test_status_endpoint" time="0.033" /><testcase classname="tests.test_main.TestContentRankerAPI" name="test_rank_enriched_endpoint_success" time="0.024" /><testcase classname="tests.test_main.TestContentRankerAPI" name="test_rank_batch_endpoint_success" time="0.021" /><testcase classname="tests.test_main.TestContentRankerAPI" name="test_rank_specific_content_success" time="0.022" /><testcase classname="tests.test_main.TestContentRankerAPI" name="test_rank_enriched_endpoint_error" time="0.023" /><testcase classname="tests.test_main.TestContentRankerAPI" name="test_rank_specific_content_validation_error" time="0.017" /><testcase classname="tests.test_main.TestContentRankerAPI" name="test_rank_specific_content_empty_list" time="0.017" /><testcase classname="tests.test_main.TestContentRankerAPI" name="test_status_endpoint_error" time="0.021" /><testcase classname="tests.test_pipeline_integration.TestPhase2DIntegration" name="test_enriched_content_retrieval" time="0.008" /><testcase classname="tests.test_pipeline_integration.TestPhase2DIntegration" name="test_content_ranking_algorithms" time="0.005" /><testcase classname="tests.test_pipeline_integration.TestPhase2DIntegration" name="test_batch_ranking_pipeline" time="0.010" /><testcase classname="tests.test_pipeline_integration.TestPhase2DIntegration" name="test_specific_content_ranking" time="0.005" /><testcase classname="tests.test_pipeline_integration.TestPhase2DIntegration" name="test_ranking_scores_calculation" time="0.005" /><testcase classname="tests.test_pipeline_integration.TestPhase2DIntegration" name="test_service_status" time="0.006" /><testcase classname="tests.test_pipeline_integration.TestPhase2DIntegration" name="test_error_handling" time="0.005" /><testcase classname="tests.test_pipeline_integration.TestPhase2DIntegration" name="test_ranking_metadata_preservation" time="0.005" /><testcase classname="tests.test_pipeline_integration.TestPhase2DIntegration" name="test_pipeline_end_to_end" time="0.012" /><testcase classname="tests.test_service.TestRankingService" name="test_ranking_algorithms_basic" time="0.002" /><testcase classname="tests.test_service.TestRankingService" name="test_ranking_with_custom_weights" time="0.003" /><testcase classname="tests.test_service.TestRankingService" name="test_ranking_edge_cases" time="0.003" /><testcase classname="tests.test_service.TestRankingService" name="test_error_handling" time="0.002" /><testcase classname="tests.test_service.TestRankingService" name="test_service_batch_ranking" time="0.011" /><testcase classname="tests.test_service" name="test_ranking_basic" time="0.003" /><testcase classname="tests.test_service" name="test_ranking_with_options" time="0.003" /><testcase classname="tests.test_service" name="test_ranking_edge_cases" time="0.002" /><testcase classname="tests.test_service" name="test_error_handling" time="0.002" /><testcase classname="tests.test_service_new.TestRankingService" name="test_ranking_algorithms_basic" time="0.002" /><testcase classname="tests.test_service_new.TestRankingService" name="test_ranking_with_custom_weights" time="0.002" /><testcase classname="tests.test_service_new.TestRankingService" name="test_ranking_edge_cases" time="0.002" /><testcase classname="tests.test_service_new.TestRankingService" name="test_error_handling" time="0.002" /><testcase classname="tests.test_service_new.TestRankingService" name="test_service_batch_ranking" time="0.011" /><testcase classname="tests.test_service_new" name="test_ranking_basic" time="0.002" /><testcase classname="tests.test_service_new" name="test_ranking_with_options" time="0.002" /><testcase classname="tests.test_service_new" name="test_ranking_edge_cases" time="0.002" /><testcase classname="tests.test_service_new" name="test_error_handling" time="0.002" /></testsuite></testsuites>